<?xml version="1.0" encoding="UTF-8"?>
<testsuite xmlns:xsi="http://www.w3.org/2001/XMLSchema-instance" xsi:noNamespaceSchemaLocation="https://maven.apache.org/surefire/maven-surefire-plugin/xsd/surefire-test-report-3.0.xsd" version="3.0" name="es.csic.lcsc.keycloak.ApplicationTest" time="0.293" tests="1" errors="0" skipped="0" failures="0">
  <properties>
    <property name="java.specification.version" value="17"/>
    <property name="sun.jnu.encoding" value="UTF-8"/>
    <property name="java.class.path" value="/workspace/lcsc/lcsc-provider/target/test-classes:/workspace/lcsc/lcsc-provider/target/classes:/home/vscode/.m2/repository/org/keycloak/keycloak-core/21.1.0/keycloak-core-21.1.0.jar:/home/vscode/.m2/repository/org/keycloak/keycloak-common/21.1.0/keycloak-common-21.1.0.jar:/home/vscode/.m2/repository/com/sun/activation/jakarta.activation/1.2.2/jakarta.activation-1.2.2.jar:/home/vscode/.m2/repository/com/fasterxml/jackson/core/jackson-core/2.13.4/jackson-core-2.13.4.jar:/home/vscode/.m2/repository/com/fasterxml/jackson/core/jackson-databind/2.13.4.2/jackson-databind-2.13.4.2.jar:/home/vscode/.m2/repository/org/keycloak/keycloak-server-spi/21.1.0/keycloak-server-spi-21.1.0.jar:/home/vscode/.m2/repository/org/keycloak/keycloak-server-spi-private/21.1.0/keycloak-server-spi-private-21.1.0.jar:/home/vscode/.m2/repository/org/apache/httpcomponents/httpclient/4.5.13/httpclient-4.5.13.jar:/home/vscode/.m2/repository/org/apache/httpcomponents/httpcore/4.4.13/httpcore-4.4.13.jar:/home/vscode/.m2/repository/commons-logging/commons-logging/1.2/commons-logging-1.2.jar:/home/vscode/.m2/repository/commons-codec/commons-codec/1.11/commons-codec-1.11.jar:/home/vscode/.m2/repository/org/keycloak/keycloak-services/21.1.0/keycloak-services-21.1.0.jar:/home/vscode/.m2/repository/com/sun/mail/jakarta.mail/1.6.5/jakarta.mail-1.6.5.jar:/home/vscode/.m2/repository/org/twitter4j/twitter4j-core/4.1.2/twitter4j-core-4.1.2.jar:/home/vscode/.m2/repository/org/jetbrains/annotations/23.0.0/annotations-23.0.0.jar:/home/vscode/.m2/repository/org/jboss/logging/jboss-logging/3.4.1.Final/jboss-logging-3.4.1.Final.jar:/home/vscode/.m2/repository/org/jboss/spec/javax/ws/rs/jboss-jaxrs-api_2.1_spec/2.0.1.Final/jboss-jaxrs-api_2.1_spec-2.0.1.Final.jar:/home/vscode/.m2/repository/org/jboss/spec/javax/transaction/jboss-transaction-api_1.3_spec/2.0.0.Final/jboss-transaction-api_1.3_spec-2.0.0.Final.jar:/home/vscode/.m2/repository/org/jboss/resteasy/resteasy-multipart-provider/4.7.7.Final/resteasy-multipart-provider-4.7.7.Final.jar:/home/vscode/.m2/repository/org/jboss/resteasy/resteasy-core-spi/4.7.7.Final/resteasy-core-spi-4.7.7.Final.jar:/home/vscode/.m2/repository/org/jboss/spec/javax/annotation/jboss-annotations-api_1.3_spec/2.0.1.Final/jboss-annotations-api_1.3_spec-2.0.1.Final.jar:/home/vscode/.m2/repository/org/jboss/spec/javax/xml/bind/jboss-jaxb-api_2.3_spec/2.0.0.Final/jboss-jaxb-api_2.3_spec-2.0.0.Final.jar:/home/vscode/.m2/repository/org/reactivestreams/reactive-streams/1.0.3/reactive-streams-1.0.3.jar:/home/vscode/.m2/repository/jakarta/validation/jakarta.validation-api/2.0.2/jakarta.validation-api-2.0.2.jar:/home/vscode/.m2/repository/org/jboss/resteasy/resteasy-core/4.7.7.Final/resteasy-core-4.7.7.Final.jar:/home/vscode/.m2/repository/jakarta/activation/jakarta.activation-api/1.2.1/jakarta.activation-api-1.2.1.jar:/home/vscode/.m2/repository/com/ibm/async/asyncutil/0.1.0/asyncutil-0.1.0.jar:/home/vscode/.m2/repository/io/smallrye/config/smallrye-config/2.3.0/smallrye-config-2.3.0.jar:/home/vscode/.m2/repository/io/smallrye/config/smallrye-config-core/2.3.0/smallrye-config-core-2.3.0.jar:/home/vscode/.m2/repository/org/eclipse/microprofile/config/microprofile-config-api/2.0/microprofile-config-api-2.0.jar:/home/vscode/.m2/repository/io/smallrye/common/smallrye-common-annotation/1.6.0/smallrye-common-annotation-1.6.0.jar:/home/vscode/.m2/repository/io/smallrye/common/smallrye-common-expression/1.6.0/smallrye-common-expression-1.6.0.jar:/home/vscode/.m2/repository/io/smallrye/common/smallrye-common-function/1.6.0/smallrye-common-function-1.6.0.jar:/home/vscode/.m2/repository/io/smallrye/common/smallrye-common-constraint/1.6.0/smallrye-common-constraint-1.6.0.jar:/home/vscode/.m2/repository/io/smallrye/common/smallrye-common-classloader/1.6.0/smallrye-common-classloader-1.6.0.jar:/home/vscode/.m2/repository/org/ow2/asm/asm/9.1/asm-9.1.jar:/home/vscode/.m2/repository/io/smallrye/config/smallrye-config-common/2.3.0/smallrye-config-common-2.3.0.jar:/home/vscode/.m2/repository/org/jboss/resteasy/resteasy-jaxb-provider/4.7.7.Final/resteasy-jaxb-provider-4.7.7.Final.jar:/home/vscode/.m2/repository/org/glassfish/jaxb/jaxb-runtime/2.3.3-b02/jaxb-runtime-2.3.3-b02.jar:/home/vscode/.m2/repository/org/glassfish/jaxb/txw2/2.3.3-b02/txw2-2.3.3-b02.jar:/home/vscode/.m2/repository/com/sun/istack/istack-commons-runtime/3.0.10/istack-commons-runtime-3.0.10.jar:/home/vscode/.m2/repository/org/apache/james/apache-mime4j-dom/0.8.3/apache-mime4j-dom-0.8.3.jar:/home/vscode/.m2/repository/org/apache/james/apache-mime4j-core/0.8.3/apache-mime4j-core-0.8.3.jar:/home/vscode/.m2/repository/org/apache/james/apache-mime4j-storage/0.8.3/apache-mime4j-storage-0.8.3.jar:/home/vscode/.m2/repository/commons-io/commons-io/2.4/commons-io-2.4.jar:/home/vscode/.m2/repository/com/googlecode/owasp-java-html-sanitizer/owasp-java-html-sanitizer/20211018.2/owasp-java-html-sanitizer-20211018.2.jar:/home/vscode/.m2/repository/com/google/guava/guava/30.1-jre/guava-30.1-jre.jar:/home/vscode/.m2/repository/com/google/guava/failureaccess/1.0.1/failureaccess-1.0.1.jar:/home/vscode/.m2/repository/com/google/guava/listenablefuture/9999.0-empty-to-avoid-conflict-with-guava/listenablefuture-9999.0-empty-to-avoid-conflict-with-guava.jar:/home/vscode/.m2/repository/com/google/code/findbugs/jsr305/3.0.2/jsr305-3.0.2.jar:/home/vscode/.m2/repository/com/google/errorprone/error_prone_annotations/2.3.4/error_prone_annotations-2.3.4.jar:/home/vscode/.m2/repository/com/google/j2objc/j2objc-annotations/1.3/j2objc-annotations-1.3.jar:/home/vscode/.m2/repository/com/fasterxml/jackson/core/jackson-annotations/2.13.4/jackson-annotations-2.13.4.jar:/home/vscode/.m2/repository/com/fasterxml/jackson/datatype/jackson-datatype-jdk8/2.13.4/jackson-datatype-jdk8-2.13.4.jar:/home/vscode/.m2/repository/com/google/zxing/javase/3.4.0/javase-3.4.0.jar:/home/vscode/.m2/repository/com/google/zxing/core/3.4.0/core-3.4.0.jar:/home/vscode/.m2/repository/com/github/jai-imageio/jai-imageio-core/1.4.0/jai-imageio-core-1.4.0.jar:/home/vscode/.m2/repository/com/webauthn4j/webauthn4j-core/0.21.0.RELEASE/webauthn4j-core-0.21.0.RELEASE.jar:/home/vscode/.m2/repository/com/webauthn4j/webauthn4j-util/0.21.0.RELEASE/webauthn4j-util-0.21.0.RELEASE.jar:/home/vscode/.m2/repository/org/slf4j/slf4j-api/1.7.30/slf4j-api-1.7.30.jar:/home/vscode/.m2/repository/org/apache/kerby/kerby-asn1/2.0.3/kerby-asn1-2.0.3.jar:/home/vscode/.m2/repository/com/fasterxml/jackson/dataformat/jackson-dataformat-cbor/2.14.2/jackson-dataformat-cbor-2.14.2.jar:/home/vscode/.m2/repository/org/checkerframework/checker-qual/3.31.0/checker-qual-3.31.0.jar:/home/vscode/.m2/repository/com/github/ua-parser/uap-java/1.5.4/uap-java-1.5.4.jar:/home/vscode/.m2/repository/org/yaml/snakeyaml/1.33/snakeyaml-1.33.jar:/home/vscode/.m2/repository/org/apache/commons/commons-collections4/4.4/commons-collections4-4.4.jar:/home/vscode/.m2/repository/org/junit/jupiter/junit-jupiter-engine/5.9.2/junit-jupiter-engine-5.9.2.jar:/home/vscode/.m2/repository/org/junit/platform/junit-platform-engine/1.9.2/junit-platform-engine-1.9.2.jar:/home/vscode/.m2/repository/org/opentest4j/opentest4j/1.2.0/opentest4j-1.2.0.jar:/home/vscode/.m2/repository/org/junit/platform/junit-platform-commons/1.9.2/junit-platform-commons-1.9.2.jar:/home/vscode/.m2/repository/org/junit/jupiter/junit-jupiter-api/5.9.2/junit-jupiter-api-5.9.2.jar:/home/vscode/.m2/repository/org/apiguardian/apiguardian-api/1.1.2/apiguardian-api-1.1.2.jar:"/>
    <property name="java.vm.vendor" value="Microsoft"/>
    <property name="sun.arch.data.model" value="64"/>
    <property name="java.vendor.url" value="https://www.microsoft.com"/>
    <property name="os.name" value="Linux"/>
    <property name="java.vm.specification.version" value="17"/>
    <property name="sun.java.launcher" value="SUN_STANDARD"/>
    <property name="user.country" value="US"/>
    <property name="sun.boot.library.path" value="/usr/lib/jvm/msopenjdk-current/lib"/>
    <property name="sun.java.command" value="/workspace/lcsc/lcsc-provider/target/surefire/surefirebooter-20230421144310339_3.jar /workspace/lcsc/lcsc-provider/target/surefire 2023-04-21T14-43-08_587-jvmRun1 surefire-20230421144310339_1tmp surefire_0-20230421144310339_2tmp"/>
    <property name="jdk.debug" value="release"/>
    <property name="surefire.test.class.path" value="/workspace/lcsc/lcsc-provider/target/test-classes:/workspace/lcsc/lcsc-provider/target/classes:/home/vscode/.m2/repository/org/keycloak/keycloak-core/21.1.0/keycloak-core-21.1.0.jar:/home/vscode/.m2/repository/org/keycloak/keycloak-common/21.1.0/keycloak-common-21.1.0.jar:/home/vscode/.m2/repository/com/sun/activation/jakarta.activation/1.2.2/jakarta.activation-1.2.2.jar:/home/vscode/.m2/repository/com/fasterxml/jackson/core/jackson-core/2.13.4/jackson-core-2.13.4.jar:/home/vscode/.m2/repository/com/fasterxml/jackson/core/jackson-databind/2.13.4.2/jackson-databind-2.13.4.2.jar:/home/vscode/.m2/repository/org/keycloak/keycloak-server-spi/21.1.0/keycloak-server-spi-21.1.0.jar:/home/vscode/.m2/repository/org/keycloak/keycloak-server-spi-private/21.1.0/keycloak-server-spi-private-21.1.0.jar:/home/vscode/.m2/repository/org/apache/httpcomponents/httpclient/4.5.13/httpclient-4.5.13.jar:/home/vscode/.m2/repository/org/apache/httpcomponents/httpcore/4.4.13/httpcore-4.4.13.jar:/home/vscode/.m2/repository/commons-logging/commons-logging/1.2/commons-logging-1.2.jar:/home/vscode/.m2/repository/commons-codec/commons-codec/1.11/commons-codec-1.11.jar:/home/vscode/.m2/repository/org/keycloak/keycloak-services/21.1.0/keycloak-services-21.1.0.jar:/home/vscode/.m2/repository/com/sun/mail/jakarta.mail/1.6.5/jakarta.mail-1.6.5.jar:/home/vscode/.m2/repository/org/twitter4j/twitter4j-core/4.1.2/twitter4j-core-4.1.2.jar:/home/vscode/.m2/repository/org/jetbrains/annotations/23.0.0/annotations-23.0.0.jar:/home/vscode/.m2/repository/org/jboss/logging/jboss-logging/3.4.1.Final/jboss-logging-3.4.1.Final.jar:/home/vscode/.m2/repository/org/jboss/spec/javax/ws/rs/jboss-jaxrs-api_2.1_spec/2.0.1.Final/jboss-jaxrs-api_2.1_spec-2.0.1.Final.jar:/home/vscode/.m2/repository/org/jboss/spec/javax/transaction/jboss-transaction-api_1.3_spec/2.0.0.Final/jboss-transaction-api_1.3_spec-2.0.0.Final.jar:/home/vscode/.m2/repository/org/jboss/resteasy/resteasy-multipart-provider/4.7.7.Final/resteasy-multipart-provider-4.7.7.Final.jar:/home/vscode/.m2/repository/org/jboss/resteasy/resteasy-core-spi/4.7.7.Final/resteasy-core-spi-4.7.7.Final.jar:/home/vscode/.m2/repository/org/jboss/spec/javax/annotation/jboss-annotations-api_1.3_spec/2.0.1.Final/jboss-annotations-api_1.3_spec-2.0.1.Final.jar:/home/vscode/.m2/repository/org/jboss/spec/javax/xml/bind/jboss-jaxb-api_2.3_spec/2.0.0.Final/jboss-jaxb-api_2.3_spec-2.0.0.Final.jar:/home/vscode/.m2/repository/org/reactivestreams/reactive-streams/1.0.3/reactive-streams-1.0.3.jar:/home/vscode/.m2/repository/jakarta/validation/jakarta.validation-api/2.0.2/jakarta.validation-api-2.0.2.jar:/home/vscode/.m2/repository/org/jboss/resteasy/resteasy-core/4.7.7.Final/resteasy-core-4.7.7.Final.jar:/home/vscode/.m2/repository/jakarta/activation/jakarta.activation-api/1.2.1/jakarta.activation-api-1.2.1.jar:/home/vscode/.m2/repository/com/ibm/async/asyncutil/0.1.0/asyncutil-0.1.0.jar:/home/vscode/.m2/repository/io/smallrye/config/smallrye-config/2.3.0/smallrye-config-2.3.0.jar:/home/vscode/.m2/repository/io/smallrye/config/smallrye-config-core/2.3.0/smallrye-config-core-2.3.0.jar:/home/vscode/.m2/repository/org/eclipse/microprofile/config/microprofile-config-api/2.0/microprofile-config-api-2.0.jar:/home/vscode/.m2/repository/io/smallrye/common/smallrye-common-annotation/1.6.0/smallrye-common-annotation-1.6.0.jar:/home/vscode/.m2/repository/io/smallrye/common/smallrye-common-expression/1.6.0/smallrye-common-expression-1.6.0.jar:/home/vscode/.m2/repository/io/smallrye/common/smallrye-common-function/1.6.0/smallrye-common-function-1.6.0.jar:/home/vscode/.m2/repository/io/smallrye/common/smallrye-common-constraint/1.6.0/smallrye-common-constraint-1.6.0.jar:/home/vscode/.m2/repository/io/smallrye/common/smallrye-common-classloader/1.6.0/smallrye-common-classloader-1.6.0.jar:/home/vscode/.m2/repository/org/ow2/asm/asm/9.1/asm-9.1.jar:/home/vscode/.m2/repository/io/smallrye/config/smallrye-config-common/2.3.0/smallrye-config-common-2.3.0.jar:/home/vscode/.m2/repository/org/jboss/resteasy/resteasy-jaxb-provider/4.7.7.Final/resteasy-jaxb-provider-4.7.7.Final.jar:/home/vscode/.m2/repository/org/glassfish/jaxb/jaxb-runtime/2.3.3-b02/jaxb-runtime-2.3.3-b02.jar:/home/vscode/.m2/repository/org/glassfish/jaxb/txw2/2.3.3-b02/txw2-2.3.3-b02.jar:/home/vscode/.m2/repository/com/sun/istack/istack-commons-runtime/3.0.10/istack-commons-runtime-3.0.10.jar:/home/vscode/.m2/repository/org/apache/james/apache-mime4j-dom/0.8.3/apache-mime4j-dom-0.8.3.jar:/home/vscode/.m2/repository/org/apache/james/apache-mime4j-core/0.8.3/apache-mime4j-core-0.8.3.jar:/home/vscode/.m2/repository/org/apache/james/apache-mime4j-storage/0.8.3/apache-mime4j-storage-0.8.3.jar:/home/vscode/.m2/repository/commons-io/commons-io/2.4/commons-io-2.4.jar:/home/vscode/.m2/repository/com/googlecode/owasp-java-html-sanitizer/owasp-java-html-sanitizer/20211018.2/owasp-java-html-sanitizer-20211018.2.jar:/home/vscode/.m2/repository/com/google/guava/guava/30.1-jre/guava-30.1-jre.jar:/home/vscode/.m2/repository/com/google/guava/failureaccess/1.0.1/failureaccess-1.0.1.jar:/home/vscode/.m2/repository/com/google/guava/listenablefuture/9999.0-empty-to-avoid-conflict-with-guava/listenablefuture-9999.0-empty-to-avoid-conflict-with-guava.jar:/home/vscode/.m2/repository/com/google/code/findbugs/jsr305/3.0.2/jsr305-3.0.2.jar:/home/vscode/.m2/repository/com/google/errorprone/error_prone_annotations/2.3.4/error_prone_annotations-2.3.4.jar:/home/vscode/.m2/repository/com/google/j2objc/j2objc-annotations/1.3/j2objc-annotations-1.3.jar:/home/vscode/.m2/repository/com/fasterxml/jackson/core/jackson-annotations/2.13.4/jackson-annotations-2.13.4.jar:/home/vscode/.m2/repository/com/fasterxml/jackson/datatype/jackson-datatype-jdk8/2.13.4/jackson-datatype-jdk8-2.13.4.jar:/home/vscode/.m2/repository/com/google/zxing/javase/3.4.0/javase-3.4.0.jar:/home/vscode/.m2/repository/com/google/zxing/core/3.4.0/core-3.4.0.jar:/home/vscode/.m2/repository/com/github/jai-imageio/jai-imageio-core/1.4.0/jai-imageio-core-1.4.0.jar:/home/vscode/.m2/repository/com/webauthn4j/webauthn4j-core/0.21.0.RELEASE/webauthn4j-core-0.21.0.RELEASE.jar:/home/vscode/.m2/repository/com/webauthn4j/webauthn4j-util/0.21.0.RELEASE/webauthn4j-util-0.21.0.RELEASE.jar:/home/vscode/.m2/repository/org/slf4j/slf4j-api/1.7.30/slf4j-api-1.7.30.jar:/home/vscode/.m2/repository/org/apache/kerby/kerby-asn1/2.0.3/kerby-asn1-2.0.3.jar:/home/vscode/.m2/repository/com/fasterxml/jackson/dataformat/jackson-dataformat-cbor/2.14.2/jackson-dataformat-cbor-2.14.2.jar:/home/vscode/.m2/repository/org/checkerframework/checker-qual/3.31.0/checker-qual-3.31.0.jar:/home/vscode/.m2/repository/com/github/ua-parser/uap-java/1.5.4/uap-java-1.5.4.jar:/home/vscode/.m2/repository/org/yaml/snakeyaml/1.33/snakeyaml-1.33.jar:/home/vscode/.m2/repository/org/apache/commons/commons-collections4/4.4/commons-collections4-4.4.jar:/home/vscode/.m2/repository/org/junit/jupiter/junit-jupiter-engine/5.9.2/junit-jupiter-engine-5.9.2.jar:/home/vscode/.m2/repository/org/junit/platform/junit-platform-engine/1.9.2/junit-platform-engine-1.9.2.jar:/home/vscode/.m2/repository/org/opentest4j/opentest4j/1.2.0/opentest4j-1.2.0.jar:/home/vscode/.m2/repository/org/junit/platform/junit-platform-commons/1.9.2/junit-platform-commons-1.9.2.jar:/home/vscode/.m2/repository/org/junit/jupiter/junit-jupiter-api/5.9.2/junit-jupiter-api-5.9.2.jar:/home/vscode/.m2/repository/org/apiguardian/apiguardian-api/1.1.2/apiguardian-api-1.1.2.jar:"/>
    <property name="sun.cpu.endian" value="little"/>
    <property name="user.home" value="/home/vscode"/>
    <property name="user.language" value="en"/>
    <property name="java.specification.vendor" value="Oracle Corporation"/>
    <property name="java.version.date" value="2023-01-17"/>
    <property name="java.home" value="/usr/lib/jvm/msopenjdk-current"/>
    <property name="file.separator" value="/"/>
    <property name="basedir" value="/workspace/lcsc/lcsc-provider"/>
    <property name="java.vm.compressedOopsMode" value="32-bit"/>
    <property name="line.separator" value="&#10;"/>
    <property name="java.vm.specification.vendor" value="Oracle Corporation"/>
    <property name="java.specification.name" value="Java Platform API Specification"/>
    <property name="surefire.real.class.path" value="/workspace/lcsc/lcsc-provider/target/surefire/surefirebooter-20230421144310339_3.jar"/>
    <property name="sun.management.compiler" value="HotSpot 64-Bit Tiered Compilers"/>
    <property name="java.runtime.version" value="17.0.6+10-LTS"/>
    <property name="user.name" value="vscode"/>
    <property name="path.separator" value=":"/>
    <property name="os.version" value="5.19.0-40-generic"/>
    <property name="java.runtime.name" value="OpenJDK Runtime Environment"/>
    <property name="file.encoding" value="UTF-8"/>
    <property name="java.vm.name" value="OpenJDK 64-Bit Server VM"/>
    <property name="java.vendor.version" value="Microsoft-7209853"/>
    <property name="localRepository" value="/home/vscode/.m2/repository"/>
    <property name="java.vendor.url.bug" value="https://github.com/microsoft/openjdk/issues"/>
    <property name="java.io.tmpdir" value="/tmp"/>
    <property name="java.version" value="17.0.6"/>
    <property name="user.dir" value="/workspace/lcsc/lcsc-provider"/>
    <property name="os.arch" value="amd64"/>
    <property name="java.vm.specification.name" value="Java Virtual Machine Specification"/>
    <property name="native.encoding" value="UTF-8"/>
    <property name="java.library.path" value="/usr/java/packages/lib:/usr/lib64:/lib64:/lib:/usr/lib"/>
    <property name="java.vm.info" value="mixed mode, sharing"/>
    <property name="java.vendor" value="Microsoft"/>
    <property name="java.vm.version" value="17.0.6+10-LTS"/>
    <property name="sun.io.unicode.encoding" value="UnicodeLittle"/>
    <property name="java.class.version" value="61.0"/>
  </properties>
  <testcase name="shouldAnswerWithTrue" classname="es.csic.lcsc.keycloak.ApplicationTest" time="0.116"/>
</testsuite>